<?xml version="1.0" encoding="utf-8"?><testsuites name="pytest tests"><testsuite name="pytest" errors="0" failures="0" skipped="0" tests="37" time="6.019" timestamp="2026-09-10T21:52:00.482925+05:30" hostname="redacted-local-host"><testcase classname="tests.test_experiment" name="test_reject_remote_or_ambiguous_endpoints[https://ollama.com]" time="0.000" /><testcase classname="tests.test_experiment" name="test_reject_remote_or_ambiguous_endpoints[http://192.168.1.5:11434]" time="0.000" /><testcase classname="tests.test_experiment" name="test_reject_remote_or_ambiguous_endpoints[http://localhost@evil.example]" time="0.000" /><testcase classname="tests.test_experiment" name="test_reject_remote_or_ambiguous_endpoints[http://localhost:11434/proxy]" time="0.000" /><testcase classname="tests.test_experiment" name="test_reject_cloud_model_names[gpt-oss:120b-cloud]" time="0.000" /><testcase classname="tests.test_experiment" name="test_reject_cloud_model_names[remote/model]" time="0.000" /><testcase classname="tests.test_experiment" name="test_reject_cloud_model_names[]" time="0.000" /><testcase classname="tests.test_experiment" name="test_reject_remote_alias_even_when_name_looks_local" time="0.023" /><testcase classname="tests.test_experiment" name="test_fixture_ground_truth_is_outside_searchable_corpus" time="0.849" /><testcase classname="tests.test_experiment" name="test_deletion_helper_refuses_symlink_and_preserves_external_file" time="0.002" /><testcase classname="tests.test_experiment" name="test_same_prompt_template_for_all_comparable_stages" time="0.000" /><testcase classname="tests.test_experiment" name="test_exact_match_is_not_a_substring_or_case_fold" time="0.001" /><testcase classname="tests.test_experiment" name="test_failed_preflight_writes_visible_report_with_planned_denominators" time="0.071" /><testcase classname="tests.test_experiment" name="test_generation_error_does_not_hide_successful_retrieval" time="0.000" /><testcase classname="tests.test_lifecycle" name="test_delete_all_chunks_preserve_other_records_and_repeat" time="0.025" /><testcase classname="tests.test_lifecycle" name="test_ingest_does_not_synchronize_deletions" time="0.020" /><testcase classname="tests.test_lifecycle" name="test_edit_keeps_identity_and_removes_old_version_chunks" time="0.023" /><testcase classname="tests.test_lifecycle" name="test_restart_persists_before_and_after_deletion" time="1.369" /><testcase classname="tests.test_lifecycle" name="test_failed_scan_never_purges[missing]" time="0.018" /><testcase classname="tests.test_lifecycle" name="test_failed_scan_never_purges[root_unreadable]" time="0.016" /><testcase classname="tests.test_lifecycle" name="test_failed_scan_never_purges[nested_unreadable]" time="0.016" /><testcase classname="tests.test_lifecycle" name="test_failed_scan_never_purges[file_unreadable]" time="0.016" /><testcase classname="tests.test_lifecycle" name="test_failed_scan_never_purges[invalid_utf8]" time="0.016" /><testcase classname="tests.test_lifecycle" name="test_failed_scan_never_purges[symlink]" time="0.017" /><testcase classname="tests.test_lifecycle" name="test_failed_scan_never_purges[wrong_root]" time="0.017" /><testcase classname="tests.test_lifecycle" name="test_failed_scan_never_purges[replaced_root]" time="0.016" /><testcase classname="tests.test_lifecycle" name="test_failed_enumeration_is_not_an_empty_scan" time="0.015" /><testcase classname="tests.test_lifecycle" name="test_valid_empty_bound_root_can_remove_all_document_records" time="0.020" /><testcase classname="tests.test_lifecycle" name="test_interrupted_deletion_is_recoverable[delete]" time="0.022" /><testcase classname="tests.test_lifecycle" name="test_interrupted_deletion_is_recoverable[manifest]" time="0.023" /><testcase classname="tests.test_lifecycle" name="test_real_process_crash_after_upsert_recovers_orphan_chunks" time="0.340" /><testcase classname="tests.test_lifecycle" name="test_embedding_failure_precedes_index_mutation" time="0.019" /><testcase classname="tests.test_lifecycle" name="test_embedding_mismatch_fails_query_and_changed_ingestion" time="0.016" /><testcase classname="tests.test_lifecycle" name="test_chunk_boundaries" time="0.000" /><testcase classname="tests.test_lifecycle" name="test_no_context_bypasses_index_and_never_caches" time="0.000" /><testcase classname="tests.test_lifecycle" name="test_generation_failure_keeps_context_and_request" time="0.015" /><testcase classname="tests.test_lifecycle" name="test_invalid_citations_are_not_repaired" time="0.016" /></testsuite></testsuites>